
Showing logs for build [32mcb-kubecd-environment-pr-209-49-xphlx-1[0m stage [32mfrom-build-pack[0m and container [32mstep-credential-initializer-zhmrx[0m
{"level":"info","ts":1587827270.7161443,"logger":"fallback-logger","caller":"logging/config.go:69","msg":"Fetch GitHub commit ID from kodata failed: open /var/run/ko/refs/heads/0.8.0-ns-support: no such file or directory"}
{"level":"info","ts":1587827270.716837,"logger":"fallback-logger","caller":"creds-init/main.go:40","msg":"Credentials initialized."}

Showing logs for build [32mcb-kubecd-environment-pr-209-49-xphlx-1[0m stage [32mfrom-build-pack[0m and container [32mstep-working-dir-initializer-plc29[0m
{"level":"info","ts":1587827271.7730436,"logger":"fallback-logger","caller":"logging/config.go:69","msg":"Fetch GitHub commit ID from kodata failed: open /var/run/ko/HEAD: no such file or directory"}
{"level":"info","ts":1587827271.774328,"logger":"fallback-logger","caller":"bash/main.go:64","msg":"Successfully executed command \"sh -c mkdir -p /workspace/source\"; output "}

Showing logs for build [32mcb-kubecd-environment-pr-209-49-xphlx-1[0m stage [32mfrom-build-pack[0m and container [32mstep-place-tools[0m

Showing logs for build [32mcb-kubecd-environment-pr-209-49-xphlx-1[0m stage [32mfrom-build-pack[0m and container [32mstep-git-source-cb-kubecd-environment-pr-209-49-xphlx-n2crw[0m
{"level":"info","ts":1587827274.7965024,"logger":"fallback-logger","caller":"logging/config.go:69","msg":"Fetch GitHub commit ID from kodata failed: open /var/run/ko/refs/heads/0.8.0-ns-support: no such file or directory"}
{"level":"info","ts":1587827275.8491142,"logger":"fallback-logger","caller":"git/git.go:103","msg":"Successfully cloned https://github.com/cb-kubecd/environment-pr-209-49-boot-gke-staging.git @ master in path /workspace/source"}

Showing logs for build [32mcb-kubecd-environment-pr-209-49-xphlx-1[0m stage [32mfrom-build-pack[0m and container [32mstep-git-merge[0m
Using SHAs from PULL_REFS=master:d8fab0b3aab8ffa0a22392306ff77b72defac6cf,3:0a815556578191b28b5c09ba735562dabdf5e8da
DEBUG: LC_ALL=C JX_LOG_LEVEL=error git fetch origin --unshallow 0a815556578191b28b5c09ba735562dabdf5e8da: d8fab0b3aab8ffa0a22392306ff77b72defac6cf:
DEBUG: ran git fetch --unshallow origin 0a815556578191b28b5c09ba735562dabdf5e8da: d8fab0b3aab8ffa0a22392306ff77b72defac6cf: in 
DEBUG: JX_LOG_LEVEL=error LC_ALL=C git branch
DEBUG: LC_ALL=C JX_LOG_LEVEL=error git checkout master
DEBUG: ran git checkout master in 
DEBUG: LC_ALL=C JX_LOG_LEVEL=error git reset --hard d8fab0b3aab8ffa0a22392306ff77b72defac6cf
DEBUG: ran git reset --hard d8fab0b3aab8ffa0a22392306ff77b72defac6cf in 
DEBUG: LC_ALL=C JX_LOG_LEVEL=error git clean -fd .
DEBUG: ran clean --force -d . in 
DEBUG: LC_ALL=C JX_LOG_LEVEL=error git merge 0a815556578191b28b5c09ba735562dabdf5e8da
DEBUG: ran git merge 0a815556578191b28b5c09ba735562dabdf5e8da in 
DEBUG: LC_ALL=C JX_LOG_LEVEL=error git log --format=%H%x1f%an%x1f%ae%x1f%cn%x1f%ce%x1f%s%n%b%x1e d8fab0b3aab8ffa0a22392306ff77b72defac6cf..HEAD
Merged SHA 0a815556578191b28b5c09ba735562dabdf5e8da with commit message 'chore: Promote bdd-nh-1587826147 to version 0.0.1' into base branch master

Showing logs for build [32mcb-kubecd-environment-pr-209-49-xphlx-1[0m stage [32mfrom-build-pack[0m and container [32mstep-build-helm-build[0m
WARNING: No $CHART_REPOSITORY defined so using the default value of: http://jenkins-x-chartmuseum:8080
Adding missing Helm repo: storage.googleapis.com https://storage.googleapis.com/chartmuseum.jenkins-x.io
WARNING: No secrets found on "helm/repos" due: reading the secret "helm/repos" from vault: no secret "helm/repos" not found in vault
Read credentials for https://storage.googleapis.com/chartmuseum.jenkins-x.io from vault helm/repos
Successfully added Helm repository storage.googleapis.com.
Adding missing Helm repo: jenkins-x-chartmuseum http://jenkins-x-chartmuseum:8080
WARNING: No secrets found on "helm/repos" due: reading the secret "helm/repos" from vault: no secret "helm/repos" not found in vault
Read credentials for http://jenkins-x-chartmuseum:8080 from vault helm/repos
Successfully added Helm repository jenkins-x-chartmuseum.
WARNING: No $CHART_REPOSITORY defined so using the default value of: http://jenkins-x-chartmuseum:8080
Adding missing Helm repo: chartmuseum.jenkins-x.io http://chartmuseum.jenkins-x.io
WARNING: No secrets found on "helm/repos" due: reading the secret "helm/repos" from vault: no secret "helm/repos" not found in vault
Read credentials for http://chartmuseum.jenkins-x.io from vault helm/repos
Successfully added Helm repository chartmuseum.jenkins-x.io.
