
Showing logs for build [32mcb-kubecd-environment-pr-209-49-vqqrk-1[0m stage [32mfrom-build-pack[0m and container [32mstep-credential-initializer-ms4lb[0m
{"level":"info","ts":1587829534.16424,"logger":"fallback-logger","caller":"logging/config.go:69","msg":"Fetch GitHub commit ID from kodata failed: open /var/run/ko/refs/heads/0.8.0-ns-support: no such file or directory"}
{"level":"info","ts":1587829534.1649613,"logger":"fallback-logger","caller":"creds-init/main.go:40","msg":"Credentials initialized."}

Showing logs for build [32mcb-kubecd-environment-pr-209-49-vqqrk-1[0m stage [32mfrom-build-pack[0m and container [32mstep-working-dir-initializer-zpgth[0m
{"level":"info","ts":1587829535.4225118,"logger":"fallback-logger","caller":"logging/config.go:69","msg":"Fetch GitHub commit ID from kodata failed: open /var/run/ko/HEAD: no such file or directory"}
{"level":"info","ts":1587829535.4276693,"logger":"fallback-logger","caller":"bash/main.go:64","msg":"Successfully executed command \"sh -c mkdir -p /workspace/source\"; output "}

Showing logs for build [32mcb-kubecd-environment-pr-209-49-vqqrk-1[0m stage [32mfrom-build-pack[0m and container [32mstep-place-tools[0m

Showing logs for build [32mcb-kubecd-environment-pr-209-49-vqqrk-1[0m stage [32mfrom-build-pack[0m and container [32mstep-git-source-cb-kubecd-environment-pr-209-49-vqqrk-5nkq2[0m
{"level":"info","ts":1587829541.6379519,"logger":"fallback-logger","caller":"logging/config.go:69","msg":"Fetch GitHub commit ID from kodata failed: open /var/run/ko/refs/heads/0.8.0-ns-support: no such file or directory"}
{"level":"info","ts":1587829542.7231958,"logger":"fallback-logger","caller":"git/git.go:103","msg":"Successfully cloned https://github.com/cb-kubecd/environment-pr-209-49-boot-gke-staging.git @ master in path /workspace/source"}

Showing logs for build [32mcb-kubecd-environment-pr-209-49-vqqrk-1[0m stage [32mfrom-build-pack[0m and container [32mstep-git-merge[0m
Using SHAs from PULL_REFS=master:9f0850bfe001404ef7a3c36745eff387cdb6cf62,7:def491e5b312e3610af1019a1e3c8250a9296ffc
DEBUG: LC_ALL=C JX_LOG_LEVEL=error git fetch origin --unshallow def491e5b312e3610af1019a1e3c8250a9296ffc: 9f0850bfe001404ef7a3c36745eff387cdb6cf62:
DEBUG: ran git fetch --unshallow origin def491e5b312e3610af1019a1e3c8250a9296ffc: 9f0850bfe001404ef7a3c36745eff387cdb6cf62: in 
DEBUG: JX_LOG_LEVEL=error LC_ALL=C git branch
DEBUG: LC_ALL=C JX_LOG_LEVEL=error git checkout master
DEBUG: ran git checkout master in 
DEBUG: LC_ALL=C JX_LOG_LEVEL=error git reset --hard 9f0850bfe001404ef7a3c36745eff387cdb6cf62
DEBUG: ran git reset --hard 9f0850bfe001404ef7a3c36745eff387cdb6cf62 in 
DEBUG: LC_ALL=C JX_LOG_LEVEL=error git clean -fd .
DEBUG: ran clean --force -d . in 
DEBUG: LC_ALL=C JX_LOG_LEVEL=error git merge def491e5b312e3610af1019a1e3c8250a9296ffc
DEBUG: ran git merge def491e5b312e3610af1019a1e3c8250a9296ffc in 
DEBUG: LC_ALL=C JX_LOG_LEVEL=error git log --format=%H%x1f%an%x1f%ae%x1f%cn%x1f%ce%x1f%s%n%b%x1e 9f0850bfe001404ef7a3c36745eff387cdb6cf62..HEAD
Merged SHA def491e5b312e3610af1019a1e3c8250a9296ffc with commit message 'chore: Promote bdd-sbhg-import-1587828267 to version 0.0.1' into base branch master

Showing logs for build [32mcb-kubecd-environment-pr-209-49-vqqrk-1[0m stage [32mfrom-build-pack[0m and container [32mstep-build-helm-build[0m
WARNING: No $CHART_REPOSITORY defined so using the default value of: http://jenkins-x-chartmuseum:8080
Adding missing Helm repo: storage.googleapis.com https://storage.googleapis.com/chartmuseum.jenkins-x.io
WARNING: No secrets found on "helm/repos" due: reading the secret "helm/repos" from vault: no secret "helm/repos" not found in vault
Read credentials for https://storage.googleapis.com/chartmuseum.jenkins-x.io from vault helm/repos
Successfully added Helm repository storage.googleapis.com.
Adding missing Helm repo: jenkins-x-chartmuseum http://jenkins-x-chartmuseum:8080
WARNING: No secrets found on "helm/repos" due: reading the secret "helm/repos" from vault: no secret "helm/repos" not found in vault
Read credentials for http://jenkins-x-chartmuseum:8080 from vault helm/repos
Successfully added Helm repository jenkins-x-chartmuseum.
WARNING: No $CHART_REPOSITORY defined so using the default value of: http://jenkins-x-chartmuseum:8080
Adding missing Helm repo: chartmuseum.jenkins-x.io http://chartmuseum.jenkins-x.io
WARNING: No secrets found on "helm/repos" due: reading the secret "helm/repos" from vault: no secret "helm/repos" not found in vault
Read credentials for http://chartmuseum.jenkins-x.io from vault helm/repos
Successfully added Helm repository chartmuseum.jenkins-x.io.
