
Showing logs for build [32mcb-kubecd-environment-pr-209-49-lzzrv-1[0m stage [32mfrom-build-pack[0m and container [32mstep-credential-initializer-lrjjq[0m
{"level":"info","ts":1587828555.8183014,"logger":"fallback-logger","caller":"logging/config.go:69","msg":"Fetch GitHub commit ID from kodata failed: open /var/run/ko/refs/heads/0.8.0-ns-support: no such file or directory"}
{"level":"info","ts":1587828555.8188126,"logger":"fallback-logger","caller":"creds-init/main.go:40","msg":"Credentials initialized."}

Showing logs for build [32mcb-kubecd-environment-pr-209-49-lzzrv-1[0m stage [32mfrom-build-pack[0m and container [32mstep-working-dir-initializer-685js[0m
{"level":"info","ts":1587828557.1136658,"logger":"fallback-logger","caller":"logging/config.go:69","msg":"Fetch GitHub commit ID from kodata failed: open /var/run/ko/HEAD: no such file or directory"}
{"level":"info","ts":1587828557.118939,"logger":"fallback-logger","caller":"bash/main.go:64","msg":"Successfully executed command \"sh -c mkdir -p /workspace/source\"; output "}

Showing logs for build [32mcb-kubecd-environment-pr-209-49-lzzrv-1[0m stage [32mfrom-build-pack[0m and container [32mstep-place-tools[0m

Showing logs for build [32mcb-kubecd-environment-pr-209-49-lzzrv-1[0m stage [32mfrom-build-pack[0m and container [32mstep-git-source-cb-kubecd-environment-pr-209-49-lzzrv-rn4nm[0m
{"level":"info","ts":1587828563.254705,"logger":"fallback-logger","caller":"logging/config.go:69","msg":"Fetch GitHub commit ID from kodata failed: open /var/run/ko/refs/heads/0.8.0-ns-support: no such file or directory"}
{"level":"info","ts":1587828564.4037685,"logger":"fallback-logger","caller":"git/git.go:103","msg":"Successfully cloned https://github.com/cb-kubecd/environment-pr-209-49-boot-gke-staging.git @ master in path /workspace/source"}

Showing logs for build [32mcb-kubecd-environment-pr-209-49-lzzrv-1[0m stage [32mfrom-build-pack[0m and container [32mstep-git-merge[0m
Using SHAs from PULL_REFS=master:51c5287dc0fb753fb9b6bcd3fa0791fba480232e,5:8aa10d8c96f51f4be1f895e2ffca6b5237a01cc4
DEBUG: LC_ALL=C JX_LOG_LEVEL=error git fetch origin --unshallow 8aa10d8c96f51f4be1f895e2ffca6b5237a01cc4: 51c5287dc0fb753fb9b6bcd3fa0791fba480232e:
DEBUG: ran git fetch --unshallow origin 8aa10d8c96f51f4be1f895e2ffca6b5237a01cc4: 51c5287dc0fb753fb9b6bcd3fa0791fba480232e: in 
DEBUG: LC_ALL=C JX_LOG_LEVEL=error git branch
DEBUG: LC_ALL=C JX_LOG_LEVEL=error git checkout master
DEBUG: ran git checkout master in 
DEBUG: LC_ALL=C JX_LOG_LEVEL=error git reset --hard 51c5287dc0fb753fb9b6bcd3fa0791fba480232e
DEBUG: ran git reset --hard 51c5287dc0fb753fb9b6bcd3fa0791fba480232e in 
DEBUG: LC_ALL=C JX_LOG_LEVEL=error git clean -fd .
DEBUG: ran clean --force -d . in 
DEBUG: LC_ALL=C JX_LOG_LEVEL=error git merge 8aa10d8c96f51f4be1f895e2ffca6b5237a01cc4
DEBUG: ran git merge 8aa10d8c96f51f4be1f895e2ffca6b5237a01cc4 in 
DEBUG: LC_ALL=C JX_LOG_LEVEL=error git log --format=%H%x1f%an%x1f%ae%x1f%cn%x1f%ce%x1f%s%n%b%x1e 51c5287dc0fb753fb9b6bcd3fa0791fba480232e..HEAD
Merged SHA 8aa10d8c96f51f4be1f895e2ffca6b5237a01cc4 with commit message 'chore: Promote bdd-nh-import-1587828267 to version 0.0.1' into base branch master

Showing logs for build [32mcb-kubecd-environment-pr-209-49-lzzrv-1[0m stage [32mfrom-build-pack[0m and container [32mstep-build-helm-build[0m
WARNING: No $CHART_REPOSITORY defined so using the default value of: http://jenkins-x-chartmuseum:8080
Adding missing Helm repo: storage.googleapis.com https://storage.googleapis.com/chartmuseum.jenkins-x.io
WARNING: No secrets found on "helm/repos" due: reading the secret "helm/repos" from vault: no secret "helm/repos" not found in vault
Read credentials for https://storage.googleapis.com/chartmuseum.jenkins-x.io from vault helm/repos
Successfully added Helm repository storage.googleapis.com.
Adding missing Helm repo: jenkins-x-chartmuseum http://jenkins-x-chartmuseum:8080
WARNING: No secrets found on "helm/repos" due: reading the secret "helm/repos" from vault: no secret "helm/repos" not found in vault
Read credentials for http://jenkins-x-chartmuseum:8080 from vault helm/repos
Successfully added Helm repository jenkins-x-chartmuseum.
WARNING: No $CHART_REPOSITORY defined so using the default value of: http://jenkins-x-chartmuseum:8080
Adding missing Helm repo: chartmuseum.jenkins-x.io http://chartmuseum.jenkins-x.io
WARNING: No secrets found on "helm/repos" due: reading the secret "helm/repos" from vault: no secret "helm/repos" not found in vault
Read credentials for http://chartmuseum.jenkins-x.io from vault helm/repos
Successfully added Helm repository chartmuseum.jenkins-x.io.
